<?xml version="1.0" encoding="UTF-8"?>
<!-- Generated by org.testng.reporters.JUnitReportReporter -->
<testsuite skipped="0" hostname="CC-GAURAV-PC" name="com.fb.TestSuite.TestCaseRegisterUser" tests="1" failures="0" timestamp="28 Sep 2018 11:37:04 GMT" time="10.325" errors="0">
  <testcase name="TestRegister" time="10.325" classname="com.fb.TestSuite.TestCaseRegisterUser"/>
</testsuite> <!-- com.fb.TestSuite.TestCaseRegisterUser -->
