<?xml version="1.0" encoding="UTF-8"?>
<!-- Generated by org.testng.reporters.JUnitReportReporter -->
<testsuite hostname="DESKTOP-0II2INQ" failures="0" tests="1" name="com.fb.TestSuite.TestCaseRegisterUser" time="21.013" errors="0" timestamp="05 Aug 2018 16:48:37 GMT" skipped="0">
  <testcase classname="com.fb.TestSuite.TestCaseRegisterUser" name="TestRegister" time="21.013"/>
</testsuite> <!-- com.fb.TestSuite.TestCaseRegisterUser -->
